<?xml version="1.0" encoding="UTF-8"?>
<!-- Generated by org.testng.reporters.JUnitReportReporter -->
<testsuite hostname="jb-5f-d079" name="scripts.com.concur.concur" tests="1" failures="0" timestamp="23 Sep 2015 11:04:43 GMT" time="155.894" errors="0">
  <testcase name="main" time="155.894" classname="scripts.com.concur.concur"/>
</testsuite> <!-- scripts.com.concur.concur -->
