<?xml version="1.0" encoding="UTF-8"?>
<!-- Generated by org.testng.reporters.JUnitReportReporter -->
<testsuite hostname="JB-GF-D042" name="scripts.com.test.ServiceOwner" tests="1" failures="0" timestamp="17 Sep 2015 09:00:22 GMT" time="52.579" errors="0">
  <testcase name="doVcaportaldataextraction" time="52.579" classname="scripts.com.test.ServiceOwner"/>
</testsuite> <!-- scripts.com.test.ServiceOwner -->
