<?xml version="1.0" encoding="UTF-8"?>
<!-- Generated by org.testng.reporters.JUnitReportReporter -->
<testsuite hostname="jb-5f-d079" name="scripts.com.vapprove.CopyOfHelpNow" tests="1" failures="0" timestamp="18 Dec 2015 05:32:43 GMT" time="84.720" errors="0">
  <testcase name="PRtest" time="84.720" classname="scripts.com.vapprove.CopyOfHelpNow"/>
</testsuite> <!-- scripts.com.vapprove.CopyOfHelpNow -->
