<?xml version="1.0" encoding="UTF-8"?>
<!-- Generated by org.testng.reporters.JUnitReportReporter -->
<testsuite hostname="jb-5f-d079" name="scripts.com.vapprove.Slider" tests="1" failures="0" timestamp="24 Sep 2015 08:15:00 GMT" time="94.009" errors="0">
  <testcase name="activityLog" time="94.009" classname="scripts.com.vapprove.Slider"/>
</testsuite> <!-- scripts.com.vapprove.Slider -->
